<?xml version="1.0" encoding="UTF-8"?>
<!-- Generated by org.testng.reporters.JUnitReportReporter -->
<testsuite hostname="IQZCBELT038" failures="0" tests="1" name="Demo.Cross_Browser" time="7.371" errors="0" timestamp="2021-11-22T21:29:58 IST" skipped="0">
  <testcase classname="Demo.Cross_Browser" name="test1" time="7.371"/>
  <system-out/>
</testsuite> <!-- Demo.Cross_Browser -->
