<?xml version="1.0" encoding="UTF-8"?>
<!-- Generated by org.testng.reporters.JUnitReportReporter -->
<testsuite hostname="IQZCBELT038" failures="0" tests="2" name="Add_to_cart.Session_19" time="5.440" errors="0" timestamp="2022-01-03T18:15:16 IST" skipped="0">
  <testcase classname="Add_to_cart.Session_19" name="Add_Products" time="5.162"/>
  <system-out/>
  <testcase classname="Add_to_cart.Session_19" name="Validatebuttonname" time="0.278"/>
  <system-out/>
</testsuite> <!-- Add_to_cart.Session_19 -->
