<?xml version="1.0" encoding="UTF-8"?>
<!-- Generated by org.testng.reporters.JUnitReportReporter -->
<testsuite hostname="IQZCBELT038" failures="0" tests="2" name="Demo.Cross_Browser" time="48.709" errors="0" timestamp="2021-11-18T14:56:20 IST" skipped="0">
  <testcase classname="Demo.Cross_Browser" name="testgoogle" time="16.537"/>
  <system-out/>
  <testcase classname="Demo.Cross_Browser" name="testyahoo" time="32.172"/>
  <system-out/>
</testsuite> <!-- Demo.Cross_Browser -->
