<?xml version="1.0" encoding="UTF-8"?>
<!-- Generated by org.testng.reporters.JUnitReportReporter -->
<testsuite hostname="IQZCBELT038" failures="0" tests="5" name="Demo.Loginscenarios" time="62.312" errors="0" timestamp="2021-11-24T19:55:51 IST" skipped="0">
  <testcase classname="Demo.Loginscenarios" name="enter_user" time="5.083"/>
  <system-out/>
  <testcase classname="Demo.Loginscenarios" name="launch_app" time="12.746"/>
  <system-out/>
  <testcase classname="Demo.Loginscenarios" name="get_title" time="5.031"/>
  <system-out/>
  <testcase classname="Demo.Loginscenarios" name="clicklogin" time="34.351"/>
  <system-out/>
  <testcase classname="Demo.Loginscenarios" name="enter_pswd" time="5.101"/>
  <system-out/>
</testsuite> <!-- Demo.Loginscenarios -->
