<?xml version="1.0" encoding="UTF-8"?>
<!-- Generated by org.testng.reporters.JUnitReportReporter -->
<testsuite hostname="IQZCBELT038" failures="0" tests="15" name="Demo.Testnew" time="287.546" errors="0" timestamp="2021-11-24T15:14:55 IST" skipped="0">
  <testcase classname="Demo.Testnew" name="enter_pswd" time="5.187"/>
  <system-out/>
  <testcase classname="Demo.Testnew" name="launch_app" time="12.230"/>
  <system-out/>
  <testcase classname="Demo.Testnew" name="get_title" time="5.059"/>
  <system-out/>
  <testcase classname="Demo.Testnew" name="launch_app" time="13.108"/>
  <system-out/>
  <testcase classname="Demo.Testnew" name="enter_user" time="5.141"/>
  <system-out/>
  <testcase classname="Demo.Testnew" name="clicklogin" time="97.427"/>
  <system-out/>
  <testcase classname="Demo.Testnew" name="clicklogin" time="34.058"/>
  <system-out/>
  <testcase classname="Demo.Testnew" name="launch_app" time="12.606"/>
  <system-out/>
  <testcase classname="Demo.Testnew" name="enter_pswd" time="5.178"/>
  <system-out/>
  <testcase classname="Demo.Testnew" name="enter_pswd" time="5.181"/>
  <system-out/>
  <testcase classname="Demo.Testnew" name="get_title" time="5.045"/>
  <system-out/>
  <testcase classname="Demo.Testnew" name="enter_user" time="5.217"/>
  <system-out/>
  <testcase classname="Demo.Testnew" name="get_title" time="5.023"/>
  <system-out/>
  <testcase classname="Demo.Testnew" name="clicklogin" time="71.914"/>
  <system-out/>
  <testcase classname="Demo.Testnew" name="enter_user" time="5.172"/>
  <system-out/>
</testsuite> <!-- Demo.Testnew -->
