<?xml version="1.0" encoding="UTF-8"?>
<!-- Generated by org.testng.reporters.JUnitReportReporter -->
<testsuite hostname="IQZCBELT038" failures="0" tests="5" name="Demo.Loginscenarios2" time="33.027" errors="0" timestamp="2021-11-24T19:55:51 IST" skipped="0">
  <testcase classname="Demo.Loginscenarios2" name="enter_user" time="5.081"/>
  <system-out/>
  <testcase classname="Demo.Loginscenarios2" name="enter_pswd" time="5.084"/>
  <system-out/>
  <testcase classname="Demo.Loginscenarios2" name="clicklogin" time="5.462"/>
  <system-out/>
  <testcase classname="Demo.Loginscenarios2" name="launch_app" time="12.376"/>
  <system-out/>
  <testcase classname="Demo.Loginscenarios2" name="get_title" time="5.024"/>
  <system-out/>
</testsuite> <!-- Demo.Loginscenarios2 -->
