<?xml version="1.0" encoding="UTF-8"?>
<!-- Generated by org.testng.reporters.JUnitReportReporter -->
<testsuite hostname="IQZCBELT038" failures="0" tests="10" name="Demo.Browser_scroll" time="20.233" errors="0" timestamp="2021-11-26T19:12:53 IST" skipped="0">
  <testcase classname="Demo.Browser_scroll" name="get_title" time="0.016"/>
  <system-out/>
  <testcase classname="Demo.Browser_scroll" name="twitterlaunch" time="0.112"/>
  <system-out/>
  <testcase classname="Demo.Browser_scroll" name="youtubelaunch" time="0.128"/>
  <system-out/>
  <testcase classname="Demo.Browser_scroll" name="facebooklaunch" time="0.089"/>
  <system-out/>
  <testcase classname="Demo.Browser_scroll" name="twitterlaunch" time="0.114"/>
  <system-out/>
  <testcase classname="Demo.Browser_scroll" name="get_title" time="0.016"/>
  <system-out/>
  <testcase classname="Demo.Browser_scroll" name="youtubelaunch" time="0.083"/>
  <system-out/>
  <testcase classname="Demo.Browser_scroll" name="LaunchUrl" time="9.570"/>
  <system-out/>
  <testcase classname="Demo.Browser_scroll" name="LaunchUrl" time="9.983"/>
  <system-out/>
  <testcase classname="Demo.Browser_scroll" name="facebooklaunch" time="0.122"/>
  <system-out/>
</testsuite> <!-- Demo.Browser_scroll -->
