<?xml version="1.0" encoding="UTF-8"?>
<!-- Generated by org.testng.reporters.JUnitReportReporter -->
<testsuite hostname="IQZCBELT038" failures="0" tests="3" name="Add_to_cart.Session_18" time="1.527" errors="0" timestamp="2022-01-03T17:59:15 IST" skipped="0">
  <testcase classname="Add_to_cart.Session_18" name="Vegetable_Cost" time="0.827"/>
  <system-out/>
  <testcase classname="Add_to_cart.Session_18" name="Vegetable_Name" time="0.215"/>
  <system-out/>
  <testcase classname="Add_to_cart.Session_18" name="Add_to_Cart" time="0.485"/>
  <system-out/>
</testsuite> <!-- Add_to_cart.Session_18 -->
