<?xml version="1.0" encoding="UTF-8"?>
<!-- Generated by org.testng.reporters.JUnitReportReporter -->
<testsuite hostname="IQZCBELT038" failures="0" tests="2" name="Demo.Cross_Browser" time="21.610" errors="0" timestamp="2021-11-22T14:42:55 IST" skipped="0">
  <testcase classname="Demo.Cross_Browser" name="test1" time="11.369"/>
  <system-out/>
  <testcase classname="Demo.Cross_Browser" name="test1" time="10.241"/>
  <system-out/>
</testsuite> <!-- Demo.Cross_Browser -->
